2026-03-11 00:52:37 - CommitSentimentTrader - WARNING - logger.py:86 - Rate limit reached. Waiting 2492 seconds...
2026-03-11 00:57:02 - CommitSentimentTrader - INFO - logger.py:80 - Test log message
2026-03-11 00:57:02 - CommitSentimentTrader - ERROR - logger.py:92 - Test error message
2026-03-11 00:57:02 - CommitSentimentTrader - ERROR - logger.py:102 - Exception occurred: Test exception
Traceback (most recent call last):
  File "<string>", line 12, in <module>
ValueError: Test exception
2026-03-11 00:57:12 - CommitSentimentTrader - WARNING - logger.py:86 - Rate limit reached. Waiting 2217 seconds...
2026-03-11 01:06:55 - CommitSentimentTrader - INFO - logger.py:80 - Saved 100 commits to cache | filepath=data\test_repo_commits.json
2026-03-11 01:06:55 - CommitSentimentTrader - INFO - logger.py:80 - Loaded 100 commits from cache | owner=test | repo=repo
2026-03-11 01:06:56 - CommitSentimentTrader - INFO - logger.py:80 - Saved 500 commits to cache
2026-03-11 01:06:56 - CommitSentimentTrader - INFO - logger.py:80 - Loaded 500 commits from cache
2026-03-11 01:06:56 - CommitSentimentTrader - INFO - logger.py:80 - Loaded 3 commits from cache | owner=tensorflow | repo=tensorflow
2026-03-11 01:06:56 - CommitSentimentTrader - INFO - logger.py:80 - Saved 50 commits to cache | filepath=data\tensorflow_tensorflow_commits.json
2026-03-11 01:06:56 - CommitSentimentTrader - INFO - logger.py:80 - Loaded 50 commits from cache
2026-03-11 01:06:56 - CommitSentimentTrader - INFO - logger.py:80 - Loaded 50 commits from cache | owner=tensorflow | repo=tensorflow
2026-03-11 01:06:56 - CommitSentimentTrader - INFO - logger.py:80 - Saved 50 commits to cache | filepath=data\tensorflow_models_commits.json
2026-03-11 01:06:56 - CommitSentimentTrader - INFO - logger.py:80 - Saved 50 commits to cache | filepath=data\facebook_react_commits.json
2026-03-11 01:06:56 - CommitSentimentTrader - INFO - logger.py:80 - Saved 50 commits to cache | filepath=data\python_cpython_commits.json
2026-03-11 01:06:56 - CommitSentimentTrader - INFO - logger.py:80 - Saved 50 commits to cache | filepath=data\kubernetes_kubernetes_commits.json
2026-03-11 01:06:56 - CommitSentimentTrader - INFO - logger.py:80 - Loaded 50 commits from cache
2026-03-11 01:06:56 - CommitSentimentTrader - INFO - logger.py:80 - Loaded 50 commits from cache
2026-03-11 01:06:56 - CommitSentimentTrader - INFO - logger.py:80 - Loaded 50 commits from cache
2026-03-11 01:06:56 - CommitSentimentTrader - INFO - logger.py:80 - Loaded 50 commits from cache
2026-03-11 01:06:56 - CommitSentimentTrader - INFO - logger.py:80 - Loaded 50 commits from cache
2026-03-11 01:08:24 - CommitSentimentTrader - WARNING - logger.py:86 - Rate limit reached. Waiting 1545 seconds...
2026-03-11 01:15:24 - CommitSentimentTrader - WARNING - logger.py:86 - Alpaca API credentials not provided. Set ALPACA_API_KEY and ALPACA_SECRET_KEY environment variables.
2026-03-11 01:15:24 - CommitSentimentTrader - ERROR - logger.py:92 - Failed to initialize Alpaca clients: You must supply a method of authentication
2026-03-11 01:15:55 - CommitSentimentTrader - WARNING - logger.py:86 - Alpaca API credentials not provided. Set ALPACA_API_KEY and ALPACA_SECRET_KEY environment variables.
2026-03-11 01:15:55 - CommitSentimentTrader - ERROR - logger.py:92 - Failed to initialize Alpaca clients: You must supply a method of authentication
2026-03-11 01:17:26 - CommitSentimentTrader - WARNING - logger.py:86 - Alpaca API credentials not provided. Set ALPACA_API_KEY and ALPACA_SECRET_KEY environment variables.
2026-03-11 01:17:26 - CommitSentimentTrader - ERROR - logger.py:92 - Failed to initialize Alpaca clients: You must supply a method of authentication
2026-03-11 01:18:31 - CommitSentimentTrader - WARNING - logger.py:86 - Alpaca API credentials not provided. Set ALPACA_API_KEY and ALPACA_SECRET_KEY environment variables.
2026-03-11 01:18:31 - CommitSentimentTrader - ERROR - logger.py:92 - Failed to initialize Alpaca clients: You must supply a method of authentication
2026-03-11 01:20:41 - CommitSentimentTrader - WARNING - logger.py:86 - Alpaca API credentials not provided. Set ALPACA_API_KEY and ALPACA_SECRET_KEY environment variables.
2026-03-11 01:20:41 - CommitSentimentTrader - ERROR - logger.py:92 - Failed to initialize Alpaca clients: You must supply a method of authentication
2026-03-11 01:34:09 - CommitSentimentTrader - WARNING - logger.py:86 - Rate limit reached. Waiting 60 seconds...
2026-03-11 01:35:39 - CommitSentimentTrader - WARNING - logger.py:86 - Rate limit reached. Waiting 3511 seconds...
2026-03-11 02:34:10 - CommitSentimentTrader - WARNING - logger.py:86 - Rate limit reached. Waiting 60 seconds...
2026-03-11 02:35:41 - CommitSentimentTrader - WARNING - logger.py:86 - Rate limit reached. Waiting 3568 seconds...
2026-03-11 03:35:10 - CommitSentimentTrader - WARNING - logger.py:86 - Rate limit reached. Waiting 60 seconds...
2026-03-11 03:36:43 - CommitSentimentTrader - WARNING - logger.py:86 - Rate limit reached. Waiting 3566 seconds...
2026-03-11 04:36:09 - CommitSentimentTrader - WARNING - logger.py:86 - Rate limit reached. Waiting 60 seconds...
2026-03-11 04:37:45 - CommitSentimentTrader - WARNING - logger.py:86 - Rate limit reached. Waiting 3563 seconds...
2026-03-11 05:37:08 - CommitSentimentTrader - WARNING - logger.py:86 - Rate limit reached. Waiting 60 seconds...
2026-03-11 05:38:44 - CommitSentimentTrader - WARNING - logger.py:86 - Rate limit reached. Waiting 3563 seconds...
2026-03-11 06:38:08 - CommitSentimentTrader - WARNING - logger.py:86 - Rate limit reached. Waiting 60 seconds...
2026-03-11 06:39:43 - CommitSentimentTrader - WARNING - logger.py:86 - Rate limit reached. Waiting 3564 seconds...
2026-03-11 07:39:07 - CommitSentimentTrader - WARNING - logger.py:86 - Rate limit reached. Waiting 60 seconds...
2026-03-11 07:40:37 - CommitSentimentTrader - WARNING - logger.py:86 - Rate limit reached. Waiting 3538 seconds...
2026-03-11 08:39:35 - CommitSentimentTrader - WARNING - logger.py:86 - Rate limit reached. Waiting 60 seconds...
